INFO:__main__:联邦学习启动脚本开始执行
INFO:__main__:客户端港口: ['gulfport', 'new_orleans', 'south_louisiana', 'baton_rouge']
INFO:__main__:学习率调度: {0: 0.0003, 5: 0.00015, 25: 7.5e-05}
INFO:__main__:加载全局初始化模型: models/fl/fl_20250812_153323/global_init.pt
INFO:__main__:=== 第 1 轮联邦学习 ===
INFO:__main__:当前学习率: 0.0003
INFO:__main__:开始联邦学习轮次，客户端: ['gulfport', 'new_orleans', 'south_louisiana', 'baton_rouge']
INFO:__main__:客户端 gulfport 开始本地训练...
INFO:gat_ppo_agent:初始化GAT-PPO智能体 - 港口: gulfport, 设备: cpu
INFO:__main__:客户端 gulfport 完成 8 个 episodes
INFO:__main__:客户端 new_orleans 开始本地训练...
INFO:gat_ppo_agent:初始化GAT-PPO智能体 - 港口: new_orleans, 设备: cpu
INFO:__main__:客户端 new_orleans 完成 8 个 episodes
INFO:__main__:客户端 south_louisiana 开始本地训练...
INFO:gat_ppo_agent:初始化GAT-PPO智能体 - 港口: south_louisiana, 设备: cpu
INFO:__main__:客户端 south_louisiana 完成 8 个 episodes
INFO:__main__:客户端 baton_rouge 开始本地训练...
INFO:gat_ppo_agent:初始化GAT-PPO智能体 - 港口: baton_rouge, 设备: cpu
INFO:__main__:客户端 baton_rouge 完成 8 个 episodes
INFO:__main__:执行 FedAvg 聚合...
INFO:__main__:联邦聚合完成，聚合了 24 个参数
INFO:__main__:第 1 轮完成，耗时: 0.37s
INFO:__main__:模型已保存: models/fl/fl_20250812_153323/global_round_01.pt
INFO:__main__:=== 第 2 轮联邦学习 ===
INFO:__main__:当前学习率: 0.0003
INFO:__main__:开始联邦学习轮次，客户端: ['gulfport', 'new_orleans', 'south_louisiana', 'baton_rouge']
INFO:__main__:客户端 gulfport 开始本地训练...
INFO:gat_ppo_agent:初始化GAT-PPO智能体 - 港口: gulfport, 设备: cpu
INFO:__main__:客户端 gulfport 完成 8 个 episodes
INFO:__main__:客户端 new_orleans 开始本地训练...
INFO:gat_ppo_agent:初始化GAT-PPO智能体 - 港口: new_orleans, 设备: cpu
INFO:__main__:客户端 new_orleans 完成 8 个 episodes
INFO:__main__:客户端 south_louisiana 开始本地训练...
INFO:gat_ppo_agent:初始化GAT-PPO智能体 - 港口: south_louisiana, 设备: cpu
INFO:__main__:客户端 south_louisiana 完成 8 个 episodes
INFO:__main__:客户端 baton_rouge 开始本地训练...
INFO:gat_ppo_agent:初始化GAT-PPO智能体 - 港口: baton_rouge, 设备: cpu
INFO:__main__:客户端 baton_rouge 完成 8 个 episodes
INFO:__main__:执行 FedAvg 聚合...
INFO:__main__:联邦聚合完成，聚合了 24 个参数
INFO:__main__:第 2 轮完成，耗时: 0.01s
INFO:__main__:模型已保存: models/fl/fl_20250812_153323/global_round_02.pt
INFO:__main__:=== 第 3 轮联邦学习 ===
INFO:__main__:当前学习率: 0.0003
INFO:__main__:开始联邦学习轮次，客户端: ['gulfport', 'new_orleans', 'south_louisiana', 'baton_rouge']
INFO:__main__:客户端 gulfport 开始本地训练...
INFO:gat_ppo_agent:初始化GAT-PPO智能体 - 港口: gulfport, 设备: cpu
INFO:__main__:客户端 gulfport 完成 8 个 episodes
INFO:__main__:客户端 new_orleans 开始本地训练...
INFO:gat_ppo_agent:初始化GAT-PPO智能体 - 港口: new_orleans, 设备: cpu
INFO:__main__:客户端 new_orleans 完成 8 个 episodes
INFO:__main__:客户端 south_louisiana 开始本地训练...
INFO:gat_ppo_agent:初始化GAT-PPO智能体 - 港口: south_louisiana, 设备: cpu
INFO:__main__:客户端 south_louisiana 完成 8 个 episodes
INFO:__main__:客户端 baton_rouge 开始本地训练...
INFO:gat_ppo_agent:初始化GAT-PPO智能体 - 港口: baton_rouge, 设备: cpu
INFO:__main__:客户端 baton_rouge 完成 8 个 episodes
INFO:__main__:执行 FedAvg 聚合...
INFO:__main__:联邦聚合完成，聚合了 24 个参数
INFO:__main__:第 3 轮完成，耗时: 0.01s
INFO:__main__:模型已保存: models/fl/fl_20250812_153323/global_round_03.pt
INFO:__main__:=== 第 4 轮联邦学习 ===
INFO:__main__:当前学习率: 0.0003
INFO:__main__:开始联邦学习轮次，客户端: ['gulfport', 'new_orleans', 'south_louisiana', 'baton_rouge']
INFO:__main__:客户端 gulfport 开始本地训练...
INFO:gat_ppo_agent:初始化GAT-PPO智能体 - 港口: gulfport, 设备: cpu
INFO:__main__:客户端 gulfport 完成 8 个 episodes
INFO:__main__:客户端 new_orleans 开始本地训练...
INFO:gat_ppo_agent:初始化GAT-PPO智能体 - 港口: new_orleans, 设备: cpu
INFO:__main__:客户端 new_orleans 完成 8 个 episodes
INFO:__main__:客户端 south_louisiana 开始本地训练...
INFO:gat_ppo_agent:初始化GAT-PPO智能体 - 港口: south_louisiana, 设备: cpu
INFO:__main__:客户端 south_louisiana 完成 8 个 episodes
INFO:__main__:客户端 baton_rouge 开始本地训练...
INFO:gat_ppo_agent:初始化GAT-PPO智能体 - 港口: baton_rouge, 设备: cpu
INFO:__main__:客户端 baton_rouge 完成 8 个 episodes
INFO:__main__:执行 FedAvg 聚合...
INFO:__main__:联邦聚合完成，聚合了 24 个参数
INFO:__main__:第 4 轮完成，耗时: 0.01s
INFO:__main__:模型已保存: models/fl/fl_20250812_153323/global_round_04.pt
INFO:__main__:=== 第 5 轮联邦学习 ===
INFO:__main__:当前学习率: 0.0003
INFO:__main__:开始联邦学习轮次，客户端: ['gulfport', 'new_orleans', 'south_louisiana', 'baton_rouge']
INFO:__main__:客户端 gulfport 开始本地训练...
INFO:gat_ppo_agent:初始化GAT-PPO智能体 - 港口: gulfport, 设备: cpu
INFO:__main__:客户端 gulfport 完成 8 个 episodes
INFO:__main__:客户端 new_orleans 开始本地训练...
INFO:gat_ppo_agent:初始化GAT-PPO智能体 - 港口: new_orleans, 设备: cpu
INFO:__main__:客户端 new_orleans 完成 8 个 episodes
INFO:__main__:客户端 south_louisiana 开始本地训练...
INFO:gat_ppo_agent:初始化GAT-PPO智能体 - 港口: south_louisiana, 设备: cpu
INFO:__main__:客户端 south_louisiana 完成 8 个 episodes
INFO:__main__:客户端 baton_rouge 开始本地训练...
INFO:gat_ppo_agent:初始化GAT-PPO智能体 - 港口: baton_rouge, 设备: cpu
INFO:__main__:客户端 baton_rouge 完成 8 个 episodes
INFO:__main__:执行 FedAvg 聚合...
INFO:__main__:联邦聚合完成，聚合了 24 个参数
INFO:__main__:第 5 轮完成，耗时: 0.01s
INFO:__main__:模型已保存: models/fl/fl_20250812_153323/global_round_05.pt
INFO:__main__:建议在第 5 轮后进行评测:
INFO:__main__:python scripts/nightly_ci.py --ports all --samples 800 --seeds 42,123,2025 --no-cache --k 120
INFO:__main__:=== 第 6 轮联邦学习 ===
INFO:__main__:当前学习率: 0.00015
INFO:__main__:开始联邦学习轮次，客户端: ['gulfport', 'new_orleans', 'south_louisiana', 'baton_rouge']
INFO:__main__:客户端 gulfport 开始本地训练...
INFO:gat_ppo_agent:初始化GAT-PPO智能体 - 港口: gulfport, 设备: cpu
INFO:__main__:客户端 gulfport 完成 8 个 episodes
INFO:__main__:客户端 new_orleans 开始本地训练...
INFO:gat_ppo_agent:初始化GAT-PPO智能体 - 港口: new_orleans, 设备: cpu
INFO:__main__:客户端 new_orleans 完成 8 个 episodes
INFO:__main__:客户端 south_louisiana 开始本地训练...
INFO:gat_ppo_agent:初始化GAT-PPO智能体 - 港口: south_louisiana, 设备: cpu
INFO:__main__:客户端 south_louisiana 完成 8 个 episodes
INFO:__main__:客户端 baton_rouge 开始本地训练...
INFO:gat_ppo_agent:初始化GAT-PPO智能体 - 港口: baton_rouge, 设备: cpu
INFO:__main__:客户端 baton_rouge 完成 8 个 episodes
INFO:__main__:执行 FedAvg 聚合...
INFO:__main__:联邦聚合完成，聚合了 24 个参数
INFO:__main__:第 6 轮完成，耗时: 0.01s
INFO:__main__:模型已保存: models/fl/fl_20250812_153323/global_round_06.pt
INFO:__main__:=== 第 7 轮联邦学习 ===
INFO:__main__:当前学习率: 0.00015
INFO:__main__:开始联邦学习轮次，客户端: ['gulfport', 'new_orleans', 'south_louisiana', 'baton_rouge']
INFO:__main__:客户端 gulfport 开始本地训练...
INFO:gat_ppo_agent:初始化GAT-PPO智能体 - 港口: gulfport, 设备: cpu
INFO:__main__:客户端 gulfport 完成 8 个 episodes
INFO:__main__:客户端 new_orleans 开始本地训练...
INFO:gat_ppo_agent:初始化GAT-PPO智能体 - 港口: new_orleans, 设备: cpu
INFO:__main__:客户端 new_orleans 完成 8 个 episodes
INFO:__main__:客户端 south_louisiana 开始本地训练...
INFO:gat_ppo_agent:初始化GAT-PPO智能体 - 港口: south_louisiana, 设备: cpu
INFO:__main__:客户端 south_louisiana 完成 8 个 episodes
INFO:__main__:客户端 baton_rouge 开始本地训练...
INFO:gat_ppo_agent:初始化GAT-PPO智能体 - 港口: baton_rouge, 设备: cpu
INFO:__main__:客户端 baton_rouge 完成 8 个 episodes
INFO:__main__:执行 FedAvg 聚合...
INFO:__main__:联邦聚合完成，聚合了 24 个参数
INFO:__main__:第 7 轮完成，耗时: 0.01s
INFO:__main__:模型已保存: models/fl/fl_20250812_153323/global_round_07.pt
INFO:__main__:=== 第 8 轮联邦学习 ===
INFO:__main__:当前学习率: 0.00015
INFO:__main__:开始联邦学习轮次，客户端: ['gulfport', 'new_orleans', 'south_louisiana', 'baton_rouge']
INFO:__main__:客户端 gulfport 开始本地训练...
INFO:gat_ppo_agent:初始化GAT-PPO智能体 - 港口: gulfport, 设备: cpu
INFO:__main__:客户端 gulfport 完成 8 个 episodes
INFO:__main__:客户端 new_orleans 开始本地训练...
INFO:gat_ppo_agent:初始化GAT-PPO智能体 - 港口: new_orleans, 设备: cpu
INFO:__main__:客户端 new_orleans 完成 8 个 episodes
INFO:__main__:客户端 south_louisiana 开始本地训练...
INFO:gat_ppo_agent:初始化GAT-PPO智能体 - 港口: south_louisiana, 设备: cpu
INFO:__main__:客户端 south_louisiana 完成 8 个 episodes
INFO:__main__:客户端 baton_rouge 开始本地训练...
INFO:gat_ppo_agent:初始化GAT-PPO智能体 - 港口: baton_rouge, 设备: cpu
INFO:__main__:客户端 baton_rouge 完成 8 个 episodes
INFO:__main__:执行 FedAvg 聚合...
INFO:__main__:联邦聚合完成，聚合了 24 个参数
INFO:__main__:第 8 轮完成，耗时: 0.01s
INFO:__main__:模型已保存: models/fl/fl_20250812_153323/global_round_08.pt
INFO:__main__:=== 第 9 轮联邦学习 ===
INFO:__main__:当前学习率: 0.00015
INFO:__main__:开始联邦学习轮次，客户端: ['gulfport', 'new_orleans', 'south_louisiana', 'baton_rouge']
INFO:__main__:客户端 gulfport 开始本地训练...
INFO:gat_ppo_agent:初始化GAT-PPO智能体 - 港口: gulfport, 设备: cpu
INFO:__main__:客户端 gulfport 完成 8 个 episodes
INFO:__main__:客户端 new_orleans 开始本地训练...
INFO:gat_ppo_agent:初始化GAT-PPO智能体 - 港口: new_orleans, 设备: cpu
INFO:__main__:客户端 new_orleans 完成 8 个 episodes
INFO:__main__:客户端 south_louisiana 开始本地训练...
INFO:gat_ppo_agent:初始化GAT-PPO智能体 - 港口: south_louisiana, 设备: cpu
INFO:__main__:客户端 south_louisiana 完成 8 个 episodes
INFO:__main__:客户端 baton_rouge 开始本地训练...
INFO:gat_ppo_agent:初始化GAT-PPO智能体 - 港口: baton_rouge, 设备: cpu
INFO:__main__:客户端 baton_rouge 完成 8 个 episodes
INFO:__main__:执行 FedAvg 聚合...
INFO:__main__:联邦聚合完成，聚合了 24 个参数
INFO:__main__:第 9 轮完成，耗时: 0.01s
INFO:__main__:模型已保存: models/fl/fl_20250812_153323/global_round_09.pt
INFO:__main__:=== 第 10 轮联邦学习 ===
INFO:__main__:当前学习率: 0.00015
INFO:__main__:开始联邦学习轮次，客户端: ['gulfport', 'new_orleans', 'south_louisiana', 'baton_rouge']
INFO:__main__:客户端 gulfport 开始本地训练...
INFO:gat_ppo_agent:初始化GAT-PPO智能体 - 港口: gulfport, 设备: cpu
INFO:__main__:客户端 gulfport 完成 8 个 episodes
INFO:__main__:客户端 new_orleans 开始本地训练...
INFO:gat_ppo_agent:初始化GAT-PPO智能体 - 港口: new_orleans, 设备: cpu
INFO:__main__:客户端 new_orleans 完成 8 个 episodes
INFO:__main__:客户端 south_louisiana 开始本地训练...
INFO:gat_ppo_agent:初始化GAT-PPO智能体 - 港口: south_louisiana, 设备: cpu
INFO:__main__:客户端 south_louisiana 完成 8 个 episodes
INFO:__main__:客户端 baton_rouge 开始本地训练...
INFO:gat_ppo_agent:初始化GAT-PPO智能体 - 港口: baton_rouge, 设备: cpu
INFO:__main__:客户端 baton_rouge 完成 8 个 episodes
INFO:__main__:执行 FedAvg 聚合...
INFO:__main__:联邦聚合完成，聚合了 24 个参数
INFO:__main__:第 10 轮完成，耗时: 0.01s
INFO:__main__:模型已保存: models/fl/fl_20250812_153323/global_round_10.pt
INFO:__main__:建议在第 10 轮后进行评测:
INFO:__main__:python scripts/nightly_ci.py --ports all --samples 800 --seeds 42,123,2025 --no-cache --k 120
INFO:__main__:=== 第 11 轮联邦学习 ===
INFO:__main__:当前学习率: 0.00015
INFO:__main__:开始联邦学习轮次，客户端: ['gulfport', 'new_orleans', 'south_louisiana', 'baton_rouge']
INFO:__main__:客户端 gulfport 开始本地训练...
INFO:gat_ppo_agent:初始化GAT-PPO智能体 - 港口: gulfport, 设备: cpu
INFO:__main__:客户端 gulfport 完成 8 个 episodes
INFO:__main__:客户端 new_orleans 开始本地训练...
INFO:gat_ppo_agent:初始化GAT-PPO智能体 - 港口: new_orleans, 设备: cpu
INFO:__main__:客户端 new_orleans 完成 8 个 episodes
INFO:__main__:客户端 south_louisiana 开始本地训练...
INFO:gat_ppo_agent:初始化GAT-PPO智能体 - 港口: south_louisiana, 设备: cpu
INFO:__main__:客户端 south_louisiana 完成 8 个 episodes
INFO:__main__:客户端 baton_rouge 开始本地训练...
INFO:gat_ppo_agent:初始化GAT-PPO智能体 - 港口: baton_rouge, 设备: cpu
INFO:__main__:客户端 baton_rouge 完成 8 个 episodes
INFO:__main__:执行 FedAvg 聚合...
INFO:__main__:联邦聚合完成，聚合了 24 个参数
INFO:__main__:第 11 轮完成，耗时: 0.01s
INFO:__main__:模型已保存: models/fl/fl_20250812_153323/global_round_11.pt
INFO:__main__:=== 第 12 轮联邦学习 ===
INFO:__main__:当前学习率: 0.00015
INFO:__main__:开始联邦学习轮次，客户端: ['gulfport', 'new_orleans', 'south_louisiana', 'baton_rouge']
INFO:__main__:客户端 gulfport 开始本地训练...
INFO:gat_ppo_agent:初始化GAT-PPO智能体 - 港口: gulfport, 设备: cpu
INFO:__main__:客户端 gulfport 完成 8 个 episodes
INFO:__main__:客户端 new_orleans 开始本地训练...
INFO:gat_ppo_agent:初始化GAT-PPO智能体 - 港口: new_orleans, 设备: cpu
INFO:__main__:客户端 new_orleans 完成 8 个 episodes
INFO:__main__:客户端 south_louisiana 开始本地训练...
INFO:gat_ppo_agent:初始化GAT-PPO智能体 - 港口: south_louisiana, 设备: cpu
INFO:__main__:客户端 south_louisiana 完成 8 个 episodes
INFO:__main__:客户端 baton_rouge 开始本地训练...
INFO:gat_ppo_agent:初始化GAT-PPO智能体 - 港口: baton_rouge, 设备: cpu
INFO:__main__:客户端 baton_rouge 完成 8 个 episodes
INFO:__main__:执行 FedAvg 聚合...
INFO:__main__:联邦聚合完成，聚合了 24 个参数
INFO:__main__:第 12 轮完成，耗时: 0.01s
INFO:__main__:模型已保存: models/fl/fl_20250812_153323/global_round_12.pt
INFO:__main__:=== 第 13 轮联邦学习 ===
INFO:__main__:当前学习率: 0.00015
INFO:__main__:开始联邦学习轮次，客户端: ['gulfport', 'new_orleans', 'south_louisiana', 'baton_rouge']
INFO:__main__:客户端 gulfport 开始本地训练...
INFO:gat_ppo_agent:初始化GAT-PPO智能体 - 港口: gulfport, 设备: cpu
INFO:__main__:客户端 gulfport 完成 8 个 episodes
INFO:__main__:客户端 new_orleans 开始本地训练...
INFO:gat_ppo_agent:初始化GAT-PPO智能体 - 港口: new_orleans, 设备: cpu
INFO:__main__:客户端 new_orleans 完成 8 个 episodes
INFO:__main__:客户端 south_louisiana 开始本地训练...
INFO:gat_ppo_agent:初始化GAT-PPO智能体 - 港口: south_louisiana, 设备: cpu
INFO:__main__:客户端 south_louisiana 完成 8 个 episodes
INFO:__main__:客户端 baton_rouge 开始本地训练...
INFO:gat_ppo_agent:初始化GAT-PPO智能体 - 港口: baton_rouge, 设备: cpu
INFO:__main__:客户端 baton_rouge 完成 8 个 episodes
INFO:__main__:执行 FedAvg 聚合...
INFO:__main__:联邦聚合完成，聚合了 24 个参数
INFO:__main__:第 13 轮完成，耗时: 0.01s
INFO:__main__:模型已保存: models/fl/fl_20250812_153323/global_round_13.pt
INFO:__main__:=== 第 14 轮联邦学习 ===
INFO:__main__:当前学习率: 0.00015
INFO:__main__:开始联邦学习轮次，客户端: ['gulfport', 'new_orleans', 'south_louisiana', 'baton_rouge']
INFO:__main__:客户端 gulfport 开始本地训练...
INFO:gat_ppo_agent:初始化GAT-PPO智能体 - 港口: gulfport, 设备: cpu
INFO:__main__:客户端 gulfport 完成 8 个 episodes
INFO:__main__:客户端 new_orleans 开始本地训练...
INFO:gat_ppo_agent:初始化GAT-PPO智能体 - 港口: new_orleans, 设备: cpu
INFO:__main__:客户端 new_orleans 完成 8 个 episodes
INFO:__main__:客户端 south_louisiana 开始本地训练...
INFO:gat_ppo_agent:初始化GAT-PPO智能体 - 港口: south_louisiana, 设备: cpu
INFO:__main__:客户端 south_louisiana 完成 8 个 episodes
INFO:__main__:客户端 baton_rouge 开始本地训练...
INFO:gat_ppo_agent:初始化GAT-PPO智能体 - 港口: baton_rouge, 设备: cpu
INFO:__main__:客户端 baton_rouge 完成 8 个 episodes
INFO:__main__:执行 FedAvg 聚合...
INFO:__main__:联邦聚合完成，聚合了 24 个参数
INFO:__main__:第 14 轮完成，耗时: 0.01s
INFO:__main__:模型已保存: models/fl/fl_20250812_153323/global_round_14.pt
INFO:__main__:=== 第 15 轮联邦学习 ===
INFO:__main__:当前学习率: 0.00015
INFO:__main__:开始联邦学习轮次，客户端: ['gulfport', 'new_orleans', 'south_louisiana', 'baton_rouge']
INFO:__main__:客户端 gulfport 开始本地训练...
INFO:gat_ppo_agent:初始化GAT-PPO智能体 - 港口: gulfport, 设备: cpu
INFO:__main__:客户端 gulfport 完成 8 个 episodes
INFO:__main__:客户端 new_orleans 开始本地训练...
INFO:gat_ppo_agent:初始化GAT-PPO智能体 - 港口: new_orleans, 设备: cpu
INFO:__main__:客户端 new_orleans 完成 8 个 episodes
INFO:__main__:客户端 south_louisiana 开始本地训练...
INFO:gat_ppo_agent:初始化GAT-PPO智能体 - 港口: south_louisiana, 设备: cpu
INFO:__main__:客户端 south_louisiana 完成 8 个 episodes
INFO:__main__:客户端 baton_rouge 开始本地训练...
INFO:gat_ppo_agent:初始化GAT-PPO智能体 - 港口: baton_rouge, 设备: cpu
INFO:__main__:客户端 baton_rouge 完成 8 个 episodes
INFO:__main__:执行 FedAvg 聚合...
INFO:__main__:联邦聚合完成，聚合了 24 个参数
INFO:__main__:第 15 轮完成，耗时: 0.01s
INFO:__main__:模型已保存: models/fl/fl_20250812_153323/global_round_15.pt
INFO:__main__:建议在第 15 轮后进行评测:
INFO:__main__:python scripts/nightly_ci.py --ports all --samples 800 --seeds 42,123,2025 --no-cache --k 120
INFO:__main__:=== 第 16 轮联邦学习 ===
INFO:__main__:当前学习率: 0.00015
INFO:__main__:开始联邦学习轮次，客户端: ['gulfport', 'new_orleans', 'south_louisiana', 'baton_rouge']
INFO:__main__:客户端 gulfport 开始本地训练...
INFO:gat_ppo_agent:初始化GAT-PPO智能体 - 港口: gulfport, 设备: cpu
INFO:__main__:客户端 gulfport 完成 8 个 episodes
INFO:__main__:客户端 new_orleans 开始本地训练...
INFO:gat_ppo_agent:初始化GAT-PPO智能体 - 港口: new_orleans, 设备: cpu
INFO:__main__:客户端 new_orleans 完成 8 个 episodes
INFO:__main__:客户端 south_louisiana 开始本地训练...
INFO:gat_ppo_agent:初始化GAT-PPO智能体 - 港口: south_louisiana, 设备: cpu
INFO:__main__:客户端 south_louisiana 完成 8 个 episodes
INFO:__main__:客户端 baton_rouge 开始本地训练...
INFO:gat_ppo_agent:初始化GAT-PPO智能体 - 港口: baton_rouge, 设备: cpu
INFO:__main__:客户端 baton_rouge 完成 8 个 episodes
INFO:__main__:执行 FedAvg 聚合...
INFO:__main__:联邦聚合完成，聚合了 24 个参数
INFO:__main__:第 16 轮完成，耗时: 0.01s
INFO:__main__:模型已保存: models/fl/fl_20250812_153323/global_round_16.pt
INFO:__main__:=== 第 17 轮联邦学习 ===
INFO:__main__:当前学习率: 0.00015
INFO:__main__:开始联邦学习轮次，客户端: ['gulfport', 'new_orleans', 'south_louisiana', 'baton_rouge']
INFO:__main__:客户端 gulfport 开始本地训练...
INFO:gat_ppo_agent:初始化GAT-PPO智能体 - 港口: gulfport, 设备: cpu
INFO:__main__:客户端 gulfport 完成 8 个 episodes
INFO:__main__:客户端 new_orleans 开始本地训练...
INFO:gat_ppo_agent:初始化GAT-PPO智能体 - 港口: new_orleans, 设备: cpu
INFO:__main__:客户端 new_orleans 完成 8 个 episodes
INFO:__main__:客户端 south_louisiana 开始本地训练...
INFO:gat_ppo_agent:初始化GAT-PPO智能体 - 港口: south_louisiana, 设备: cpu
INFO:__main__:客户端 south_louisiana 完成 8 个 episodes
INFO:__main__:客户端 baton_rouge 开始本地训练...
INFO:gat_ppo_agent:初始化GAT-PPO智能体 - 港口: baton_rouge, 设备: cpu
INFO:__main__:客户端 baton_rouge 完成 8 个 episodes
INFO:__main__:执行 FedAvg 聚合...
INFO:__main__:联邦聚合完成，聚合了 24 个参数
INFO:__main__:第 17 轮完成，耗时: 0.01s
INFO:__main__:模型已保存: models/fl/fl_20250812_153323/global_round_17.pt
INFO:__main__:=== 第 18 轮联邦学习 ===
INFO:__main__:当前学习率: 0.00015
INFO:__main__:开始联邦学习轮次，客户端: ['gulfport', 'new_orleans', 'south_louisiana', 'baton_rouge']
INFO:__main__:客户端 gulfport 开始本地训练...
INFO:gat_ppo_agent:初始化GAT-PPO智能体 - 港口: gulfport, 设备: cpu
INFO:__main__:客户端 gulfport 完成 8 个 episodes
INFO:__main__:客户端 new_orleans 开始本地训练...
INFO:gat_ppo_agent:初始化GAT-PPO智能体 - 港口: new_orleans, 设备: cpu
INFO:__main__:客户端 new_orleans 完成 8 个 episodes
INFO:__main__:客户端 south_louisiana 开始本地训练...
INFO:gat_ppo_agent:初始化GAT-PPO智能体 - 港口: south_louisiana, 设备: cpu
INFO:__main__:客户端 south_louisiana 完成 8 个 episodes
INFO:__main__:客户端 baton_rouge 开始本地训练...
INFO:gat_ppo_agent:初始化GAT-PPO智能体 - 港口: baton_rouge, 设备: cpu
INFO:__main__:客户端 baton_rouge 完成 8 个 episodes
INFO:__main__:执行 FedAvg 聚合...
INFO:__main__:联邦聚合完成，聚合了 24 个参数
INFO:__main__:第 18 轮完成，耗时: 0.01s
INFO:__main__:模型已保存: models/fl/fl_20250812_153323/global_round_18.pt
INFO:__main__:=== 第 19 轮联邦学习 ===
INFO:__main__:当前学习率: 0.00015
INFO:__main__:开始联邦学习轮次，客户端: ['gulfport', 'new_orleans', 'south_louisiana', 'baton_rouge']
INFO:__main__:客户端 gulfport 开始本地训练...
INFO:gat_ppo_agent:初始化GAT-PPO智能体 - 港口: gulfport, 设备: cpu
INFO:__main__:客户端 gulfport 完成 8 个 episodes
INFO:__main__:客户端 new_orleans 开始本地训练...
INFO:gat_ppo_agent:初始化GAT-PPO智能体 - 港口: new_orleans, 设备: cpu
INFO:__main__:客户端 new_orleans 完成 8 个 episodes
INFO:__main__:客户端 south_louisiana 开始本地训练...
INFO:gat_ppo_agent:初始化GAT-PPO智能体 - 港口: south_louisiana, 设备: cpu
INFO:__main__:客户端 south_louisiana 完成 8 个 episodes
INFO:__main__:客户端 baton_rouge 开始本地训练...
INFO:gat_ppo_agent:初始化GAT-PPO智能体 - 港口: baton_rouge, 设备: cpu
INFO:__main__:客户端 baton_rouge 完成 8 个 episodes
INFO:__main__:执行 FedAvg 聚合...
INFO:__main__:联邦聚合完成，聚合了 24 个参数
INFO:__main__:第 19 轮完成，耗时: 0.01s
INFO:__main__:模型已保存: models/fl/fl_20250812_153323/global_round_19.pt
INFO:__main__:=== 第 20 轮联邦学习 ===
INFO:__main__:当前学习率: 0.00015
INFO:__main__:开始联邦学习轮次，客户端: ['gulfport', 'new_orleans', 'south_louisiana', 'baton_rouge']
INFO:__main__:客户端 gulfport 开始本地训练...
INFO:gat_ppo_agent:初始化GAT-PPO智能体 - 港口: gulfport, 设备: cpu
INFO:__main__:客户端 gulfport 完成 8 个 episodes
INFO:__main__:客户端 new_orleans 开始本地训练...
INFO:gat_ppo_agent:初始化GAT-PPO智能体 - 港口: new_orleans, 设备: cpu
INFO:__main__:客户端 new_orleans 完成 8 个 episodes
INFO:__main__:客户端 south_louisiana 开始本地训练...
INFO:gat_ppo_agent:初始化GAT-PPO智能体 - 港口: south_louisiana, 设备: cpu
INFO:__main__:客户端 south_louisiana 完成 8 个 episodes
INFO:__main__:客户端 baton_rouge 开始本地训练...
INFO:gat_ppo_agent:初始化GAT-PPO智能体 - 港口: baton_rouge, 设备: cpu
INFO:__main__:客户端 baton_rouge 完成 8 个 episodes
INFO:__main__:执行 FedAvg 聚合...
INFO:__main__:联邦聚合完成，聚合了 24 个参数
INFO:__main__:第 20 轮完成，耗时: 0.01s
INFO:__main__:模型已保存: models/fl/fl_20250812_153323/global_round_20.pt
INFO:__main__:建议在第 20 轮后进行评测:
INFO:__main__:python scripts/nightly_ci.py --ports all --samples 800 --seeds 42,123,2025 --no-cache --k 120
INFO:__main__:=== 第 21 轮联邦学习 ===
INFO:__main__:当前学习率: 0.00015
INFO:__main__:开始联邦学习轮次，客户端: ['gulfport', 'new_orleans', 'south_louisiana', 'baton_rouge']
INFO:__main__:客户端 gulfport 开始本地训练...
INFO:gat_ppo_agent:初始化GAT-PPO智能体 - 港口: gulfport, 设备: cpu
INFO:__main__:客户端 gulfport 完成 8 个 episodes
INFO:__main__:客户端 new_orleans 开始本地训练...
INFO:gat_ppo_agent:初始化GAT-PPO智能体 - 港口: new_orleans, 设备: cpu
INFO:__main__:客户端 new_orleans 完成 8 个 episodes
INFO:__main__:客户端 south_louisiana 开始本地训练...
INFO:gat_ppo_agent:初始化GAT-PPO智能体 - 港口: south_louisiana, 设备: cpu
INFO:__main__:客户端 south_louisiana 完成 8 个 episodes
INFO:__main__:客户端 baton_rouge 开始本地训练...
INFO:gat_ppo_agent:初始化GAT-PPO智能体 - 港口: baton_rouge, 设备: cpu
INFO:__main__:客户端 baton_rouge 完成 8 个 episodes
INFO:__main__:执行 FedAvg 聚合...
INFO:__main__:联邦聚合完成，聚合了 24 个参数
INFO:__main__:第 21 轮完成，耗时: 0.01s
INFO:__main__:模型已保存: models/fl/fl_20250812_153323/global_round_21.pt
INFO:__main__:=== 第 22 轮联邦学习 ===
INFO:__main__:当前学习率: 0.00015
INFO:__main__:开始联邦学习轮次，客户端: ['gulfport', 'new_orleans', 'south_louisiana', 'baton_rouge']
INFO:__main__:客户端 gulfport 开始本地训练...
INFO:gat_ppo_agent:初始化GAT-PPO智能体 - 港口: gulfport, 设备: cpu
INFO:__main__:客户端 gulfport 完成 8 个 episodes
INFO:__main__:客户端 new_orleans 开始本地训练...
INFO:gat_ppo_agent:初始化GAT-PPO智能体 - 港口: new_orleans, 设备: cpu
INFO:__main__:客户端 new_orleans 完成 8 个 episodes
INFO:__main__:客户端 south_louisiana 开始本地训练...
INFO:gat_ppo_agent:初始化GAT-PPO智能体 - 港口: south_louisiana, 设备: cpu
INFO:__main__:客户端 south_louisiana 完成 8 个 episodes
INFO:__main__:客户端 baton_rouge 开始本地训练...
INFO:gat_ppo_agent:初始化GAT-PPO智能体 - 港口: baton_rouge, 设备: cpu
INFO:__main__:客户端 baton_rouge 完成 8 个 episodes
INFO:__main__:执行 FedAvg 聚合...
INFO:__main__:联邦聚合完成，聚合了 24 个参数
INFO:__main__:第 22 轮完成，耗时: 0.01s
INFO:__main__:模型已保存: models/fl/fl_20250812_153323/global_round_22.pt
INFO:__main__:=== 第 23 轮联邦学习 ===
INFO:__main__:当前学习率: 0.00015
INFO:__main__:开始联邦学习轮次，客户端: ['gulfport', 'new_orleans', 'south_louisiana', 'baton_rouge']
INFO:__main__:客户端 gulfport 开始本地训练...
INFO:gat_ppo_agent:初始化GAT-PPO智能体 - 港口: gulfport, 设备: cpu
INFO:__main__:客户端 gulfport 完成 8 个 episodes
INFO:__main__:客户端 new_orleans 开始本地训练...
INFO:gat_ppo_agent:初始化GAT-PPO智能体 - 港口: new_orleans, 设备: cpu
INFO:__main__:客户端 new_orleans 完成 8 个 episodes
INFO:__main__:客户端 south_louisiana 开始本地训练...
INFO:gat_ppo_agent:初始化GAT-PPO智能体 - 港口: south_louisiana, 设备: cpu
INFO:__main__:客户端 south_louisiana 完成 8 个 episodes
INFO:__main__:客户端 baton_rouge 开始本地训练...
INFO:gat_ppo_agent:初始化GAT-PPO智能体 - 港口: baton_rouge, 设备: cpu
INFO:__main__:客户端 baton_rouge 完成 8 个 episodes
INFO:__main__:执行 FedAvg 聚合...
INFO:__main__:联邦聚合完成，聚合了 24 个参数
INFO:__main__:第 23 轮完成，耗时: 0.01s
INFO:__main__:模型已保存: models/fl/fl_20250812_153323/global_round_23.pt
INFO:__main__:=== 第 24 轮联邦学习 ===
INFO:__main__:当前学习率: 0.00015
INFO:__main__:开始联邦学习轮次，客户端: ['gulfport', 'new_orleans', 'south_louisiana', 'baton_rouge']
INFO:__main__:客户端 gulfport 开始本地训练...
INFO:gat_ppo_agent:初始化GAT-PPO智能体 - 港口: gulfport, 设备: cpu
INFO:__main__:客户端 gulfport 完成 8 个 episodes
INFO:__main__:客户端 new_orleans 开始本地训练...
INFO:gat_ppo_agent:初始化GAT-PPO智能体 - 港口: new_orleans, 设备: cpu
INFO:__main__:客户端 new_orleans 完成 8 个 episodes
INFO:__main__:客户端 south_louisiana 开始本地训练...
INFO:gat_ppo_agent:初始化GAT-PPO智能体 - 港口: south_louisiana, 设备: cpu
INFO:__main__:客户端 south_louisiana 完成 8 个 episodes
INFO:__main__:客户端 baton_rouge 开始本地训练...
INFO:gat_ppo_agent:初始化GAT-PPO智能体 - 港口: baton_rouge, 设备: cpu
INFO:__main__:客户端 baton_rouge 完成 8 个 episodes
INFO:__main__:执行 FedAvg 聚合...
INFO:__main__:联邦聚合完成，聚合了 24 个参数
INFO:__main__:第 24 轮完成，耗时: 0.01s
INFO:__main__:模型已保存: models/fl/fl_20250812_153323/global_round_24.pt
INFO:__main__:=== 第 25 轮联邦学习 ===
INFO:__main__:当前学习率: 0.00015
INFO:__main__:开始联邦学习轮次，客户端: ['gulfport', 'new_orleans', 'south_louisiana', 'baton_rouge']
INFO:__main__:客户端 gulfport 开始本地训练...
INFO:gat_ppo_agent:初始化GAT-PPO智能体 - 港口: gulfport, 设备: cpu
INFO:__main__:客户端 gulfport 完成 8 个 episodes
INFO:__main__:客户端 new_orleans 开始本地训练...
INFO:gat_ppo_agent:初始化GAT-PPO智能体 - 港口: new_orleans, 设备: cpu
INFO:__main__:客户端 new_orleans 完成 8 个 episodes
INFO:__main__:客户端 south_louisiana 开始本地训练...
INFO:gat_ppo_agent:初始化GAT-PPO智能体 - 港口: south_louisiana, 设备: cpu
INFO:__main__:客户端 south_louisiana 完成 8 个 episodes
INFO:__main__:客户端 baton_rouge 开始本地训练...
INFO:gat_ppo_agent:初始化GAT-PPO智能体 - 港口: baton_rouge, 设备: cpu
INFO:__main__:客户端 baton_rouge 完成 8 个 episodes
INFO:__main__:执行 FedAvg 聚合...
INFO:__main__:联邦聚合完成，聚合了 24 个参数
INFO:__main__:第 25 轮完成，耗时: 0.01s
INFO:__main__:模型已保存: models/fl/fl_20250812_153323/global_round_25.pt
INFO:__main__:建议在第 25 轮后进行评测:
INFO:__main__:python scripts/nightly_ci.py --ports all --samples 800 --seeds 42,123,2025 --no-cache --k 120
INFO:__main__:=== 第 26 轮联邦学习 ===
INFO:__main__:当前学习率: 7.5e-05
INFO:__main__:开始联邦学习轮次，客户端: ['gulfport', 'new_orleans', 'south_louisiana', 'baton_rouge']
INFO:__main__:客户端 gulfport 开始本地训练...
INFO:gat_ppo_agent:初始化GAT-PPO智能体 - 港口: gulfport, 设备: cpu
INFO:__main__:客户端 gulfport 完成 8 个 episodes
INFO:__main__:客户端 new_orleans 开始本地训练...
INFO:gat_ppo_agent:初始化GAT-PPO智能体 - 港口: new_orleans, 设备: cpu
INFO:__main__:客户端 new_orleans 完成 8 个 episodes
INFO:__main__:客户端 south_louisiana 开始本地训练...
INFO:gat_ppo_agent:初始化GAT-PPO智能体 - 港口: south_louisiana, 设备: cpu
INFO:__main__:客户端 south_louisiana 完成 8 个 episodes
INFO:__main__:客户端 baton_rouge 开始本地训练...
INFO:gat_ppo_agent:初始化GAT-PPO智能体 - 港口: baton_rouge, 设备: cpu
INFO:__main__:客户端 baton_rouge 完成 8 个 episodes
INFO:__main__:执行 FedAvg 聚合...
INFO:__main__:联邦聚合完成，聚合了 24 个参数
INFO:__main__:第 26 轮完成，耗时: 0.01s
INFO:__main__:模型已保存: models/fl/fl_20250812_153323/global_round_26.pt
INFO:__main__:=== 第 27 轮联邦学习 ===
INFO:__main__:当前学习率: 7.5e-05
INFO:__main__:开始联邦学习轮次，客户端: ['gulfport', 'new_orleans', 'south_louisiana', 'baton_rouge']
INFO:__main__:客户端 gulfport 开始本地训练...
INFO:gat_ppo_agent:初始化GAT-PPO智能体 - 港口: gulfport, 设备: cpu
INFO:__main__:客户端 gulfport 完成 8 个 episodes
INFO:__main__:客户端 new_orleans 开始本地训练...
INFO:gat_ppo_agent:初始化GAT-PPO智能体 - 港口: new_orleans, 设备: cpu
INFO:__main__:客户端 new_orleans 完成 8 个 episodes
INFO:__main__:客户端 south_louisiana 开始本地训练...
INFO:gat_ppo_agent:初始化GAT-PPO智能体 - 港口: south_louisiana, 设备: cpu
INFO:__main__:客户端 south_louisiana 完成 8 个 episodes
INFO:__main__:客户端 baton_rouge 开始本地训练...
INFO:gat_ppo_agent:初始化GAT-PPO智能体 - 港口: baton_rouge, 设备: cpu
INFO:__main__:客户端 baton_rouge 完成 8 个 episodes
INFO:__main__:执行 FedAvg 聚合...
INFO:__main__:联邦聚合完成，聚合了 24 个参数
INFO:__main__:第 27 轮完成，耗时: 0.01s
INFO:__main__:模型已保存: models/fl/fl_20250812_153323/global_round_27.pt
INFO:__main__:=== 第 28 轮联邦学习 ===
INFO:__main__:当前学习率: 7.5e-05
INFO:__main__:开始联邦学习轮次，客户端: ['gulfport', 'new_orleans', 'south_louisiana', 'baton_rouge']
INFO:__main__:客户端 gulfport 开始本地训练...
INFO:gat_ppo_agent:初始化GAT-PPO智能体 - 港口: gulfport, 设备: cpu
INFO:__main__:客户端 gulfport 完成 8 个 episodes
INFO:__main__:客户端 new_orleans 开始本地训练...
INFO:gat_ppo_agent:初始化GAT-PPO智能体 - 港口: new_orleans, 设备: cpu
INFO:__main__:客户端 new_orleans 完成 8 个 episodes
INFO:__main__:客户端 south_louisiana 开始本地训练...
INFO:gat_ppo_agent:初始化GAT-PPO智能体 - 港口: south_louisiana, 设备: cpu
INFO:__main__:客户端 south_louisiana 完成 8 个 episodes
INFO:__main__:客户端 baton_rouge 开始本地训练...
INFO:gat_ppo_agent:初始化GAT-PPO智能体 - 港口: baton_rouge, 设备: cpu
INFO:__main__:客户端 baton_rouge 完成 8 个 episodes
INFO:__main__:执行 FedAvg 聚合...
INFO:__main__:联邦聚合完成，聚合了 24 个参数
INFO:__main__:第 28 轮完成，耗时: 0.01s
INFO:__main__:模型已保存: models/fl/fl_20250812_153323/global_round_28.pt
INFO:__main__:=== 第 29 轮联邦学习 ===
INFO:__main__:当前学习率: 7.5e-05
INFO:__main__:开始联邦学习轮次，客户端: ['gulfport', 'new_orleans', 'south_louisiana', 'baton_rouge']
INFO:__main__:客户端 gulfport 开始本地训练...
INFO:gat_ppo_agent:初始化GAT-PPO智能体 - 港口: gulfport, 设备: cpu
INFO:__main__:客户端 gulfport 完成 8 个 episodes
INFO:__main__:客户端 new_orleans 开始本地训练...
INFO:gat_ppo_agent:初始化GAT-PPO智能体 - 港口: new_orleans, 设备: cpu
INFO:__main__:客户端 new_orleans 完成 8 个 episodes
INFO:__main__:客户端 south_louisiana 开始本地训练...
INFO:gat_ppo_agent:初始化GAT-PPO智能体 - 港口: south_louisiana, 设备: cpu
INFO:__main__:客户端 south_louisiana 完成 8 个 episodes
INFO:__main__:客户端 baton_rouge 开始本地训练...
INFO:gat_ppo_agent:初始化GAT-PPO智能体 - 港口: baton_rouge, 设备: cpu
INFO:__main__:客户端 baton_rouge 完成 8 个 episodes
INFO:__main__:执行 FedAvg 聚合...
INFO:__main__:联邦聚合完成，聚合了 24 个参数
INFO:__main__:第 29 轮完成，耗时: 0.01s
INFO:__main__:模型已保存: models/fl/fl_20250812_153323/global_round_29.pt
INFO:__main__:=== 第 30 轮联邦学习 ===
INFO:__main__:当前学习率: 7.5e-05
INFO:__main__:开始联邦学习轮次，客户端: ['gulfport', 'new_orleans', 'south_louisiana', 'baton_rouge']
INFO:__main__:客户端 gulfport 开始本地训练...
INFO:gat_ppo_agent:初始化GAT-PPO智能体 - 港口: gulfport, 设备: cpu
INFO:__main__:客户端 gulfport 完成 8 个 episodes
INFO:__main__:客户端 new_orleans 开始本地训练...
INFO:gat_ppo_agent:初始化GAT-PPO智能体 - 港口: new_orleans, 设备: cpu
INFO:__main__:客户端 new_orleans 完成 8 个 episodes
INFO:__main__:客户端 south_louisiana 开始本地训练...
INFO:gat_ppo_agent:初始化GAT-PPO智能体 - 港口: south_louisiana, 设备: cpu
INFO:__main__:客户端 south_louisiana 完成 8 个 episodes
INFO:__main__:客户端 baton_rouge 开始本地训练...
INFO:gat_ppo_agent:初始化GAT-PPO智能体 - 港口: baton_rouge, 设备: cpu
INFO:__main__:客户端 baton_rouge 完成 8 个 episodes
INFO:__main__:执行 FedAvg 聚合...
INFO:__main__:联邦聚合完成，聚合了 24 个参数
INFO:__main__:第 30 轮完成，耗时: 0.01s
INFO:__main__:模型已保存: models/fl/fl_20250812_153323/global_round_30.pt
INFO:__main__:建议在第 30 轮后进行评测:
INFO:__main__:python scripts/nightly_ci.py --ports all --samples 800 --seeds 42,123,2025 --no-cache --k 120
INFO:__main__:联邦学习完成！
INFO:__main__:最终模型已保存到: models/fl/fl_20250812_153323/global_best.pt
